<?xml version="1.0" encoding="UTF-8"?>
<coverage generated="1696330485869" clover="3.2.0">
  <project timestamp="1696330485869" name="All files">
    <metrics statements="7" coveredstatements="0" conditionals="0" coveredconditionals="0" methods="1" coveredmethods="0" elements="8" coveredelements="0" complexity="0" loc="7" ncloc="7" packages="1" files="2" classes="2"/>
    <file name="App.tsx" path="/Users/shaileshs/Work/books-frontend/src/App.tsx">
      <metrics statements="3" coveredstatements="0" conditionals="0" coveredconditionals="0" methods="1" coveredmethods="0"/>
      <line num="2" count="0" type="stmt"/>
      <line num="6" count="0" type="stmt"/>
      <line num="13" count="0" type="stmt"/>
    </file>
    <file name="main.tsx" path="/Users/shaileshs/Work/books-frontend/src/main.tsx">
      <metrics statements="4" coveredstatements="0" conditionals="0" coveredconditionals="0" methods="0" coveredmethods="0"/>
      <line num="1" count="0" type="stmt"/>
      <line num="2" count="0" type="stmt"/>
      <line num="3" count="0" type="stmt"/>
      <line num="6" count="0" type="stmt"/>
    </file>
  </project>
</coverage>
